This is pdfTeX, Version 3.14159265-2.6-1.40.15 (TeX Live 2014/MacPorts 2014_9) (preloaded format=pdflatex 2015.7.6)  2 OCT 2015 11:38
entering extended mode
 restricted \write18 enabled.
 %&-line parsing enabled.
**main.tex
(./main.tex
LaTeX2e <2014/05/01>
Babel <3.9k> and hyphenation patterns for 43 languages loaded.
(/opt/local/share/texmf-texlive/tex/latex/base/article.cls
Document Class: article 2007/10/19 v1.4h Standard LaTeX document class
(/opt/local/share/texmf-texlive/tex/latex/base/size10.clo
File: size10.clo 2007/10/19 v1.4h Standard LaTeX file (size option)
)
\c@part=\count79
\c@section=\count80
\c@subsection=\count81
\c@subsubsection=\count82
\c@paragraph=\count83
\c@subparagraph=\count84
\c@figure=\count85
\c@table=\count86
\abovecaptionskip=\skip41
\belowcaptionskip=\skip42
\bibindent=\dimen102
)
(./nips15submit_e.sty
(/opt/local/share/texmf-texlive/tex/latex/eso-pic/eso-pic.sty
Package: eso-pic 2013/10/06 v2.0d eso-pic (RN)

(/opt/local/share/texmf-texlive/tex/generic/oberdiek/atbegshi.sty
Package: atbegshi 2011/10/05 v1.16 At begin shipout hook (HO)

(/opt/local/share/texmf-texlive/tex/generic/oberdiek/infwarerr.sty
Package: infwarerr 2010/04/08 v1.3 Providing info/warning/error messages (HO)
)
(/opt/local/share/texmf-texlive/tex/generic/oberdiek/ltxcmds.sty
Package: ltxcmds 2011/11/09 v1.22 LaTeX kernel commands for general use (HO)
)
(/opt/local/share/texmf-texlive/tex/generic/oberdiek/ifpdf.sty
Package: ifpdf 2011/01/30 v2.3 Provides the ifpdf switch (HO)
Package ifpdf Info: pdfTeX in PDF mode is detected.
))
(/opt/local/share/texmf-texlive/tex/latex/graphics/keyval.sty
Package: keyval 2014/05/08 v1.15 key=value parser (DPC)
\KV@toks@=\toks14
)
(/opt/local/share/texmf-texlive/tex/latex/xcolor/xcolor.sty
Package: xcolor 2007/01/21 v2.11 LaTeX color extensions (UK)

(/opt/local/share/texmf-texlive/tex/latex/latexconfig/color.cfg
File: color.cfg 2007/01/18 v1.5 color configuration of teTeX/TeXLive
)
Package xcolor Info: Driver file: pdftex.def on input line 225.

(/opt/local/share/texmf-texlive/tex/latex/pdftex-def/pdftex.def
File: pdftex.def 2011/05/27 v0.06d Graphics/color for pdfTeX
\Gread@gobject=\count87
)
Package xcolor Info: Model `cmy' substituted by `cmy0' on input line 1337.
Package xcolor Info: Model `hsb' substituted by `rgb' on input line 1341.
Package xcolor Info: Model `RGB' extended on input line 1353.
Package xcolor Info: Model `HTML' substituted by `rgb' on input line 1355.
Package xcolor Info: Model `Hsb' substituted by `hsb' on input line 1356.
Package xcolor Info: Model `tHsb' substituted by `hsb' on input line 1357.
Package xcolor Info: Model `HSB' substituted by `hsb' on input line 1358.
Package xcolor Info: Model `Gray' substituted by `gray' on input line 1359.
Package xcolor Info: Model `wave' substituted by `hsb' on input line 1360.
))
\nipsrulerbox=\box26
\nipsrulercount=\count88
\nipsruleroffset=\dimen103
\cv@lineheight=\dimen104
\cv@boxheight=\dimen105
\cv@tmpbox=\box27
\cv@refno=\count89
\cv@tot=\count90
\cv@tmpc@=\count91
\cv@tmpc=\count92
)
(/opt/local/share/texmf-texlive/tex/latex/psnfss/times.sty
Package: times 2005/04/12 PSNFSS-v9.2a (SPQR) 
)
(/opt/local/share/texmf-texlive/tex/latex/hyperref/hyperref.sty
Package: hyperref 2012/11/06 v6.83m Hypertext links for LaTeX

(/opt/local/share/texmf-texlive/tex/generic/oberdiek/hobsub-hyperref.sty
Package: hobsub-hyperref 2012/05/28 v1.13 Bundle oberdiek, subset hyperref (HO)


(/opt/local/share/texmf-texlive/tex/generic/oberdiek/hobsub-generic.sty
Package: hobsub-generic 2012/05/28 v1.13 Bundle oberdiek, subset generic (HO)
Package: hobsub 2012/05/28 v1.13 Construct package bundles (HO)
Package hobsub Info: Skipping package `infwarerr' (already loaded).
Package hobsub Info: Skipping package `ltxcmds' (already loaded).
Package: ifluatex 2010/03/01 v1.3 Provides the ifluatex switch (HO)
Package ifluatex Info: LuaTeX not detected.
Package: ifvtex 2010/03/01 v1.5 Detect VTeX and its facilities (HO)
Package ifvtex Info: VTeX not detected.
Package: intcalc 2007/09/27 v1.1 Expandable calculations with integers (HO)
Package hobsub Info: Skipping package `ifpdf' (already loaded).
Package: etexcmds 2011/02/16 v1.5 Avoid name clashes with e-TeX commands (HO)
Package etexcmds Info: Could not find \expanded.
(etexcmds)             That can mean that you are not using pdfTeX 1.50 or
(etexcmds)             that some package has redefined \expanded.
(etexcmds)             In the latter case, load this package earlier.
Package: kvsetkeys 2012/04/25 v1.16 Key value parser (HO)
Package: kvdefinekeys 2011/04/07 v1.3 Define keys (HO)
Package: pdftexcmds 2011/11/29 v0.20 Utility functions of pdfTeX for LuaTeX (HO
)
Package pdftexcmds Info: LuaTeX not detected.
Package pdftexcmds Info: \pdf@primitive is available.
Package pdftexcmds Info: \pdf@ifprimitive is available.
Package pdftexcmds Info: \pdfdraftmode found.
Package: pdfescape 2011/11/25 v1.13 Implements pdfTeX's escape features (HO)
Package: bigintcalc 2012/04/08 v1.3 Expandable calculations on big integers (HO
)
Package: bitset 2011/01/30 v1.1 Handle bit-vector datatype (HO)
Package: uniquecounter 2011/01/30 v1.2 Provide unlimited unique counter (HO)
)
Package hobsub Info: Skipping package `hobsub' (already loaded).
Package: letltxmacro 2010/09/02 v1.4 Let assignment for LaTeX macros (HO)
Package: hopatch 2012/05/28 v1.2 Wrapper for package hooks (HO)
Package: xcolor-patch 2011/01/30 xcolor patch
Package: atveryend 2011/06/30 v1.8 Hooks at the very end of document (HO)
Package atveryend Info: \enddocument detected (standard20110627).
Package hobsub Info: Skipping package `atbegshi' (already loaded).
Package: refcount 2011/10/16 v3.4 Data extraction from label references (HO)
Package: hycolor 2011/01/30 v1.7 Color options for hyperref/bookmark (HO)
)
(/opt/local/share/texmf-texlive/tex/generic/ifxetex/ifxetex.sty
Package: ifxetex 2010/09/12 v0.6 Provides ifxetex conditional
)
(/opt/local/share/texmf-texlive/tex/latex/oberdiek/auxhook.sty
Package: auxhook 2011/03/04 v1.3 Hooks for auxiliary files (HO)
)
(/opt/local/share/texmf-texlive/tex/latex/oberdiek/kvoptions.sty
Package: kvoptions 2011/06/30 v3.11 Key value format for package options (HO)
)
\@linkdim=\dimen106
\Hy@linkcounter=\count93
\Hy@pagecounter=\count94

(/opt/local/share/texmf-texlive/tex/latex/hyperref/pd1enc.def
File: pd1enc.def 2012/11/06 v6.83m Hyperref: PDFDocEncoding definition (HO)
)
\Hy@SavedSpaceFactor=\count95

(/opt/local/share/texmf-texlive/tex/latex/latexconfig/hyperref.cfg
File: hyperref.cfg 2002/06/06 v1.2 hyperref configuration of TeXLive
)
Package hyperref Info: Hyper figures OFF on input line 4443.
Package hyperref Info: Link nesting OFF on input line 4448.
Package hyperref Info: Hyper index ON on input line 4451.
Package hyperref Info: Plain pages OFF on input line 4458.
Package hyperref Info: Backreferencing OFF on input line 4463.
Package hyperref Info: Implicit mode ON; LaTeX internals redefined.
Package hyperref Info: Bookmarks ON on input line 4688.
\c@Hy@tempcnt=\count96

(/opt/local/share/texmf-texlive/tex/latex/url/url.sty
\Urlmuskip=\muskip10
Package: url 2013/09/16  ver 3.4  Verb mode for urls, etc.
)
LaTeX Info: Redefining \url on input line 5041.
\XeTeXLinkMargin=\dimen107
\Fld@menulength=\count97
\Field@Width=\dimen108
\Fld@charsize=\dimen109
Package hyperref Info: Hyper figures OFF on input line 6295.
Package hyperref Info: Link nesting OFF on input line 6300.
Package hyperref Info: Hyper index ON on input line 6303.
Package hyperref Info: backreferencing OFF on input line 6310.
Package hyperref Info: Link coloring OFF on input line 6315.
Package hyperref Info: Link coloring with OCG OFF on input line 6320.
Package hyperref Info: PDF/A mode OFF on input line 6325.
LaTeX Info: Redefining \ref on input line 6365.
LaTeX Info: Redefining \pageref on input line 6369.
\Hy@abspage=\count98
\c@Item=\count99
\c@Hfootnote=\count100
)

Package hyperref Message: Driver (autodetected): hpdftex.

(/opt/local/share/texmf-texlive/tex/latex/hyperref/hpdftex.def
File: hpdftex.def 2012/11/06 v6.83m Hyperref driver for pdfTeX
\Fld@listcount=\count101
\c@bookmark@seq@number=\count102

(/opt/local/share/texmf-texlive/tex/latex/oberdiek/rerunfilecheck.sty
Package: rerunfilecheck 2011/04/15 v1.7 Rerun checks for auxiliary files (HO)
Package uniquecounter Info: New unique counter `rerunfilecheck' on input line 2
82.
)
\Hy@SectionHShift=\skip43
)
(/opt/local/share/texmf-texlive/tex/latex/graphics/graphicx.sty
Package: graphicx 2014/04/25 v1.0g Enhanced LaTeX Graphics (DPC,SPQR)

(/opt/local/share/texmf-texlive/tex/latex/graphics/graphics.sty
Package: graphics 2009/02/05 v1.0o Standard LaTeX Graphics (DPC,SPQR)

(/opt/local/share/texmf-texlive/tex/latex/graphics/trig.sty
Package: trig 1999/03/16 v1.09 sin cos tan (DPC)
)
(/opt/local/share/texmf-texlive/tex/latex/latexconfig/graphics.cfg
File: graphics.cfg 2010/04/23 v1.9 graphics configuration of TeX Live
)
Package graphics Info: Driver file: pdftex.def on input line 91.
)
\Gin@req@height=\dimen110
\Gin@req@width=\dimen111
)
(/opt/local/share/texmf-texlive/tex/latex/amsfonts/amsfonts.sty
Package: amsfonts 2013/01/14 v3.01 Basic AMSFonts support
\@emptytoks=\toks15
\symAMSa=\mathgroup4
\symAMSb=\mathgroup5
LaTeX Font Info:    Overwriting math alphabet `\mathfrak' in version `bold'
(Font)                  U/euf/m/n --> U/euf/b/n on input line 106.
)
(/opt/local/share/texmf-texlive/tex/latex/amsfonts/amssymb.sty
Package: amssymb 2013/01/14 v3.01 AMS font symbols
)
(/opt/local/share/texmf-texlive/tex/latex/float/float.sty
Package: float 2001/11/08 v1.3d Float enhancements (AL)
\c@float@type=\count103
\float@exts=\toks16
\float@box=\box28
\@float@everytoks=\toks17
\@floatcapt=\box29
)
(/opt/local/share/texmf-texlive/tex/latex/listings/listings.sty
\lst@mode=\count104
\lst@gtempboxa=\box30
\lst@token=\toks18
\lst@length=\count105
\lst@currlwidth=\dimen112
\lst@column=\count106
\lst@pos=\count107
\lst@lostspace=\dimen113
\lst@width=\dimen114
\lst@newlines=\count108
\lst@lineno=\count109
\lst@maxwidth=\dimen115

(/opt/local/share/texmf-texlive/tex/latex/listings/lstmisc.sty
File: lstmisc.sty 2014/03/04 1.5c (Carsten Heinz)
\c@lstnumber=\count110
\lst@skipnumbers=\count111
\lst@framebox=\box31
)
(/opt/local/share/texmf-texlive/tex/latex/listings/listings.cfg
File: listings.cfg 2014/03/04 1.5c listings configuration
))
Package: listings 2014/03/04 1.5c (Carsten Heinz)

(/opt/local/share/texmf-texlive/tex/latex/listings/lstlang1.sty
File: lstlang1.sty 2014/03/04 1.5c listings language file
)
(/opt/local/share/texmf-texlive/tex/latex/listings/lstlang1.sty
File: lstlang1.sty 2014/03/04 1.5c listings language file
)
(/opt/local/share/texmf-texlive/tex/latex/listings/lstmisc.sty
File: lstmisc.sty 2014/03/04 1.5c (Carsten Heinz)
) (./main.aux)
\openout1 = `main.aux'.

LaTeX Font Info:    Checking defaults for OML/cmm/m/it on input line 38.
LaTeX Font Info:    ... okay on input line 38.
LaTeX Font Info:    Checking defaults for T1/cmr/m/n on input line 38.
LaTeX Font Info:    ... okay on input line 38.
LaTeX Font Info:    Checking defaults for OT1/cmr/m/n on input line 38.
LaTeX Font Info:    ... okay on input line 38.
LaTeX Font Info:    Checking defaults for OMS/cmsy/m/n on input line 38.
LaTeX Font Info:    ... okay on input line 38.
LaTeX Font Info:    Checking defaults for OMX/cmex/m/n on input line 38.
LaTeX Font Info:    ... okay on input line 38.
LaTeX Font Info:    Checking defaults for U/cmr/m/n on input line 38.
LaTeX Font Info:    ... okay on input line 38.
LaTeX Font Info:    Checking defaults for PD1/pdf/m/n on input line 38.
LaTeX Font Info:    ... okay on input line 38.
LaTeX Font Info:    Try loading font information for OT1+ptm on input line 38.

(/opt/local/share/texmf-texlive/tex/latex/psnfss/ot1ptm.fd
File: ot1ptm.fd 2001/06/04 font definitions for OT1/ptm.
)
\AtBeginShipoutBox=\box32

(/opt/local/share/texmf-texlive/tex/context/base/supp-pdf.mkii
[Loading MPS to PDF converter (version 2006.09.02).]
\scratchcounter=\count112
\scratchdimen=\dimen116
\scratchbox=\box33
\nofMPsegments=\count113
\nofMParguments=\count114
\everyMPshowfont=\toks19
\MPscratchCnt=\count115
\MPscratchDim=\dimen117
\MPnumerator=\count116
\makeMPintoPDFobject=\count117
\everyMPtoPDFconversion=\toks20
)
Package hyperref Info: Link coloring OFF on input line 38.
 (/opt/local/share/texmf-texlive/tex/latex/hyperref/nameref.sty
Package: nameref 2012/10/27 v2.43 Cross-referencing by name of section

(/opt/local/share/texmf-texlive/tex/generic/oberdiek/gettitlestring.sty
Package: gettitlestring 2010/12/03 v1.4 Cleanup title references (HO)
)
\c@section@level=\count118
)
LaTeX Info: Redefining \ref on input line 38.
LaTeX Info: Redefining \pageref on input line 38.
LaTeX Info: Redefining \nameref on input line 38.

(./main.out) (./main.out)
\@outlinefile=\write3
\openout3 = `main.out'.


(/opt/local/share/texmf-texlive/tex/latex/oberdiek/epstopdf-base.sty
Package: epstopdf-base 2010/02/09 v2.5 Base part for package epstopdf

(/opt/local/share/texmf-texlive/tex/latex/oberdiek/grfext.sty
Package: grfext 2010/08/19 v1.1 Manage graphics extensions (HO)
)
Package grfext Info: Graphics extension search list:
(grfext)             [.png,.pdf,.jpg,.mps,.jpeg,.jbig2,.jb2,.PNG,.PDF,.JPG,.JPE
G,.JBIG2,.JB2,.eps]
(grfext)             \AppendGraphicsExtensions on input line 452.

(/opt/local/share/texmf-texlive/tex/latex/latexconfig/epstopdf-sys.cfg
File: epstopdf-sys.cfg 2010/07/13 v1.3 Configuration of (r)epstopdf for TeX Liv
e
))
\c@lstlisting=\count119
LaTeX Font Info:    Font shape `OT1/ptm/bx/n' in size <17.28> not available
(Font)              Font shape `OT1/ptm/b/n' tried instead on input line 40.
LaTeX Font Info:    Try loading font information for U+msa on input line 40.

(/opt/local/share/texmf-texlive/tex/latex/amsfonts/umsa.fd
File: umsa.fd 2013/01/14 v3.01 AMS symbols A
)
LaTeX Font Info:    Try loading font information for U+msb on input line 40.

(/opt/local/share/texmf-texlive/tex/latex/amsfonts/umsb.fd
File: umsb.fd 2013/01/14 v3.01 AMS symbols B
)
LaTeX Font Info:    Font shape `OT1/ptm/bx/n' in size <10> not available
(Font)              Font shape `OT1/ptm/b/n' tried instead on input line 40.
LaTeX Font Info:    Try loading font information for OT1+pcr on input line 40.

(/opt/local/share/texmf-texlive/tex/latex/psnfss/ot1pcr.fd
File: ot1pcr.fd 2001/06/04 font definitions for OT1/pcr.
)
LaTeX Font Info:    Font shape `OT1/ptm/bx/n' in size <12> not available
(Font)              Font shape `OT1/ptm/b/n' tried instead on input line 42.
 [1

{/opt/local/var/db/texmf/fonts/map/pdftex/updmap/pdftex.map}] [2] [3] [4]
<pic/knn.png, id=151, 420.57124pt x 316.18124pt>
File: pic/knn.png Graphic file (type png)
 <use pic/knn.png>
Package pdftex.def Info: pic/knn.png used on input line 346.
(pdftex.def)             Requested size: 170.71652pt x 128.34216pt.

Overfull \hbox (8.55263pt too wide) detected at line 373
[]\OML/cmm/m/it/10 p[]\OT1/cmr/m/n/10 (\OML/cmm/m/it/10 e \OMS/cmsy/m/n/10 j \O
ML/cmm/m/it/10 x\OT1/cmr/m/n/10 ) \OMS/cmsy/m/n/10 ^^@ \OML/cmm/m/it/10 p\OT1/c
mr/m/n/10 (\OML/cmm/m/it/10 e \OMS/cmsy/m/n/10 j \OML/cmm/m/it/10 x\OT1/cmr/m/n
/10 ) = \OML/cmm/m/it/10 p\OT1/cmr/m/n/10 (\OML/cmm/m/it/10 c[] \OMS/cmsy/m/n/1
0 j \OML/cmm/m/it/10 x\OT1/cmr/m/n/10 )\OML/cmm/m/it/10 p\OT1/cmr/m/n/10 (\OML/
cmm/m/it/10 c[] \OMS/cmsy/m/n/10 j \OML/cmm/m/it/10 x[]\OT1/cmr/m/n/10 ) + \OML
/cmm/m/it/10 p\OT1/cmr/m/n/10 (\OML/cmm/m/it/10 c[] \OMS/cmsy/m/n/10 j \OML/cmm
/m/it/10 x\OT1/cmr/m/n/10 )\OML/cmm/m/it/10 p\OT1/cmr/m/n/10 (\OML/cmm/m/it/10 
c[] \OMS/cmsy/m/n/10 j \OML/cmm/m/it/10 x[]\OT1/cmr/m/n/10 ) \OMS/cmsy/m/n/10 ^
^@ \OML/cmm/m/it/10 p\OT1/cmr/m/n/10 (\OML/cmm/m/it/10 c[] \OMS/cmsy/m/n/10 j \
OML/cmm/m/it/10 x\OT1/cmr/m/n/10 )\OML/cmm/m/it/10 p\OT1/cmr/m/n/10 (\OML/cmm/m
/it/10 c[] \OMS/cmsy/m/n/10 j \OML/cmm/m/it/10 x\OT1/cmr/m/n/10 ) + \OML/cmm/m/
it/10 p\OT1/cmr/m/n/10 (\OML/cmm/m/it/10 c[] \OMS/cmsy/m/n/10 j \OML/cmm/m/it/1
0 x\OT1/cmr/m/n/10 )\OML/cmm/m/it/10 p\OT1/cmr/m/n/10 (\OML/cmm/m/it/10 c[] \OM
S/cmsy/m/n/10 j \OML/cmm/m/it/10 x\OT1/cmr/m/n/10 )[]
 []

[5pdfTeX warning (ext4): destination with the same identifier (name{figure.1}) 
has been already used, duplicate ignored

\AtBegShi@Output ...ipout \box \AtBeginShipoutBox 
                                                  \fi \fi 
l.405 R
       emoving x' from the trainning dataset would change the learnt decisio...
 <./pic/knn.png>] <pic/k2dt.png, id=164, 445.665pt x 313.17pt>
File: pic/k2dt.png Graphic file (type png)

<use pic/k2dt.png>
Package pdftex.def Info: pic/k2dt.png used on input line 430.
(pdftex.def)             Requested size: 170.71652pt x 119.96155pt.
 <pic/k4dt.png, id=165, 427.5975pt x 330.23375pt>
File: pic/k4dt.png Graphic file (type png)

<use pic/k4dt.png>
Package pdftex.def Info: pic/k4dt.png used on input line 438.
(pdftex.def)             Requested size: 170.71652pt x 131.84424pt.
 <pic/id3.png, id=166, 504.88625pt x 241.90375pt>
File: pic/id3.png Graphic file (type png)

<use pic/id3.png>
Package pdftex.def Info: pic/id3.png used on input line 461.
(pdftex.def)             Requested size: 341.43306pt x 163.59172pt.
 [6pdfTeX warning (ext4): destination with the same identifier (name{figure.2})
 has been already used, duplicate ignored

\AtBegShi@Output ...ipout \box \AtBeginShipoutBox 
                                                  \fi \fi 
l.465 \end{figure}
                  pdfTeX warning (ext4): destination with the same identifier (
name{figure.3}) has been already used, duplicate ignored

\AtBegShi@Output ...ipout \box \AtBeginShipoutBox 
                                                  \fi \fi 
l.465 \end{figure}
                   <./pic/k2dt.png> <./pic/k4dt.png>]
<pic/c45.png, id=176, 427.5975pt x 214.8025pt>
File: pic/c45.png Graphic file (type png)
 <use pic/c45.png>
Package pdftex.def Info: pic/c45.png used on input line 469.
(pdftex.def)             Requested size: 341.43306pt x 171.51775pt.
 [7pdfTeX warning (ext4): destination with the same identifier (name{figure.4})
 has been already used, duplicate ignored

\AtBegShi@Output ...ipout \box \AtBeginShipoutBox 
                                                  \fi \fi 
l.497 N
       eg Precision: 0.34, Pos Precision: 0.28, Overall Precision: 0.31pdfTeX w
arning (ext4): destination with the same identifier (name{figure.5}) has been a
lready used, duplicate ignored

\AtBegShi@Output ...ipout \box \AtBeginShipoutBox 
                                                  \fi \fi 
l.497 N
       eg Precision: 0.34, Pos Precision: 0.28, Overall Precision: 0.31 <./pic/
id3.png> <./pic/c45.png>]
Package hyperref Info: bookmark level for unknown lstlisting defaults to 0 on i
nput line 523.
 (./CMakefile
LaTeX Font Info:    Try loading font information for OMS+ptm on input line 24.

(/opt/local/share/texmf-texlive/tex/latex/psnfss/omsptm.fd
File: omsptm.fd 
)
LaTeX Font Info:    Font shape `OMS/ptm/m/n' in size <9> not available
(Font)              Font shape `OMS/cmsy/m/n' tried instead on input line 24.
) (./data.h
LaTeX Font Info:    Font shape `OT1/ptm/bx/n' in size <9> not available
(Font)              Font shape `OT1/ptm/b/n' tried instead on input line 1.
LaTeX Font Info:    Try loading font information for OML+ptm on input line 1.

(/opt/local/share/texmf-texlive/tex/latex/psnfss/omlptm.fd
File: omlptm.fd 
)
LaTeX Font Info:    Font shape `OML/ptm/m/n' in size <9> not available
(Font)              Font shape `OML/cmm/m/it' tried instead on input line 1.
LaTeX Font Info:    Font shape `OMS/ptm/m/it' in size <9> not available
(Font)              Font shape `OMS/cmsy/m/n' tried instead on input line 8.
 [8]) (./data.cc
[9]) (./model.h [10]) (./model.cc [11]) (./evaluation.h) (./evaluation.cc
[12]
Overfull \hbox (2.11908pt too wide) in paragraph at lines 28--29
[][][][][][][][][][][][][][][][][][] 
 []


Overfull \hbox (2.11908pt too wide) in paragraph at lines 51--52
[][][][][][][][][][][][][][][][][][] 
 []

)
Underfull \vbox (badness 10000) has occurred while \output is active []

 [13]
(./main.cc)
Package atveryend Info: Empty hook `BeforeClearDocument' on input line 547.
 [14]
Package atveryend Info: Empty hook `AfterLastShipout' on input line 547.
 (./main.aux)
Package atveryend Info: Executing hook `AtVeryEndDocument' on input line 547.
Package atveryend Info: Executing hook `AtEndAfterFileList' on input line 547.
Package rerunfilecheck Info: File `main.out' has not changed.
(rerunfilecheck)             Checksum: 7189FA92E1BEDE9FE5D6E97AD4107264;1142.
Package atveryend Info: Empty hook `AtVeryVeryEnd' on input line 547.
 ) 
Here is how much of TeX's memory you used:
 8282 strings out of 494213
 118994 string characters out of 6157464
 252198 words of memory out of 5000000
 10960 multiletter control sequences out of 15000+600000
 21879 words of font info for 53 fonts, out of 8000000 for 9000
 430 hyphenation exceptions out of 8191
 37i,8n,58p,203b,1698s stack positions out of 5000i,500n,10000p,200000b,80000s
{/opt/local/share/texmf-texlive/fonts/enc/dvips/base/8r.enc}</opt/local/share
/texmf-texlive/fonts/type1/public/amsfonts/cm/cmex10.pfb></opt/local/share/texm
f-texlive/fonts/type1/public/amsfonts/cm/cmmi10.pfb></opt/local/share/texmf-tex
live/fonts/type1/public/amsfonts/cm/cmmi5.pfb></opt/local/share/texmf-texlive/f
onts/type1/public/amsfonts/cm/cmmi7.pfb></opt/local/share/texmf-texlive/fonts/t
ype1/public/amsfonts/cm/cmmi9.pfb></opt/local/share/texmf-texlive/fonts/type1/p
ublic/amsfonts/cm/cmr10.pfb></opt/local/share/texmf-texlive/fonts/type1/public/
amsfonts/cm/cmr5.pfb></opt/local/share/texmf-texlive/fonts/type1/public/amsfont
s/cm/cmr7.pfb></opt/local/share/texmf-texlive/fonts/type1/public/amsfonts/cm/cm
sy10.pfb></opt/local/share/texmf-texlive/fonts/type1/public/amsfonts/cm/cmsy7.p
fb></opt/local/share/texmf-texlive/fonts/type1/public/amsfonts/cm/cmsy9.pfb></o
pt/local/share/texmf-texlive/fonts/type1/public/amsfonts/symbols/msbm10.pfb></o
pt/local/share/texmf-texlive/fonts/type1/urw/courier/ucrr8a.pfb></opt/local/sha
re/texmf-texlive/fonts/type1/urw/times/utmb8a.pfb></opt/local/share/texmf-texli
ve/fonts/type1/urw/times/utmr8a.pfb></opt/local/share/texmf-texlive/fonts/type1
/urw/times/utmri8a.pfb>
Output written on main.pdf (14 pages, 314212 bytes).
PDF statistics:
 778 PDF objects out of 1000 (max. 8388607)
 728 compressed objects within 8 object streams
 486 named destinations out of 1000 (max. 500000)
 170 words of extra memory for PDF output out of 10000 (max. 10000000)

